2018-11-13T10:22:25+00:00	fluent.info	{"worker":0,"message":"fluentd worker is now stopping worker=0"}
2018-11-13T10:22:31+00:00	fluent.info	{"worker":0,"message":"fluentd worker is now running worker=0"}
2018-11-13T10:50:15+00:00	flink-master.local1.info	{"host":"693c8b32041f","ident":"INFO","message":"(EnvironmentInformation.java:281)  org.apache.flink.runtime.entrypoint.ClusterEntrypoint -------------------------------------------------------------------------------- "}
2018-11-13T10:50:15+00:00	flink-master.local1.info	{"host":"693c8b32041f","ident":"INFO","message":"(EnvironmentInformation.java:282)  org.apache.flink.runtime.entrypoint.ClusterEntrypoint  Starting StandaloneSessionClusterEntrypoint (Version: 1.6.1, Rev:23e2636, Date:14.09.2018 @ 19:56:46 UTC) "}
2018-11-13T10:50:15+00:00	flink-master.local1.info	{"host":"693c8b32041f","ident":"INFO","message":"(EnvironmentInformation.java:284)  org.apache.flink.runtime.entrypoint.ClusterEntrypoint  OS current user: root "}
2018-11-13T10:50:16+00:00	flink-master.local1.warn	{"host":"693c8b32041f","ident":"WARN","message":"(NativeCodeLoader.java:62)  org.apache.hadoop.util.NativeCodeLoader Unable to load native-hadoop library for your platform... using builtin-java classes where applicable "}
2018-11-13T10:50:16+00:00	flink-master.local1.info	{"host":"693c8b32041f","ident":"INFO","message":"(EnvironmentInformation.java:285)  org.apache.flink.runtime.entrypoint.ClusterEntrypoint  Current Hadoop/Kerberos user: root "}
2018-11-13T10:50:16+00:00	flink-master.local1.info	{"host":"693c8b32041f","ident":"INFO","message":"(EnvironmentInformation.java:286)  org.apache.flink.runtime.entrypoint.ClusterEntrypoint  JVM: OpenJDK 64-Bit Server VM - Oracle Corporation - 1.8/25.111-b14 "}
2018-11-13T10:50:16+00:00	flink-master.local1.info	{"host":"693c8b32041f","ident":"INFO","message":"(EnvironmentInformation.java:287)  org.apache.flink.runtime.entrypoint.ClusterEntrypoint  Maximum heap size: 981 MiBytes "}
2018-11-13T10:50:16+00:00	flink-master.local1.info	{"host":"693c8b32041f","ident":"INFO","message":"(EnvironmentInformation.java:288)  org.apache.flink.runtime.entrypoint.ClusterEntrypoint  JAVA_HOME: /usr/lib/jvm/java-8-openjdk-amd64 "}
2018-11-13T10:50:16+00:00	flink-master.local1.info	{"host":"693c8b32041f","ident":"INFO","message":"(EnvironmentInformation.java:292)  org.apache.flink.runtime.entrypoint.ClusterEntrypoint  Hadoop version: 2.8.3 "}
2018-11-13T10:50:16+00:00	flink-master.local1.info	{"host":"693c8b32041f","ident":"INFO","message":"(EnvironmentInformation.java:301)  org.apache.flink.runtime.entrypoint.ClusterEntrypoint  JVM Options: "}
2018-11-13T10:50:16+00:00	flink-master.local1.info	{"host":"693c8b32041f","ident":"INFO","message":"(EnvironmentInformation.java:303)  org.apache.flink.runtime.entrypoint.ClusterEntrypoint     -Xms1024m "}
2018-11-13T10:50:16+00:00	flink-master.local1.info	{"host":"693c8b32041f","ident":"INFO","message":"(EnvironmentInformation.java:303)  org.apache.flink.runtime.entrypoint.ClusterEntrypoint     -Xmx1024m "}
2018-11-13T10:50:16+00:00	flink-master.local1.info	{"host":"693c8b32041f","ident":"INFO","message":"(EnvironmentInformation.java:303)  org.apache.flink.runtime.entrypoint.ClusterEntrypoint     -Dfluent.host=fluent:24224 "}
2018-11-13T10:50:16+00:00	flink-master.local1.info	{"host":"693c8b32041f","ident":"INFO","message":"(EnvironmentInformation.java:303)  org.apache.flink.runtime.entrypoint.ClusterEntrypoint     -Dlog.file=/usr/local/flink/log/flink--standalonesession-5-693c8b32041f.log "}
2018-11-13T10:50:16+00:00	flink-master.local1.info	{"host":"693c8b32041f","ident":"INFO","message":"(EnvironmentInformation.java:303)  org.apache.flink.runtime.entrypoint.ClusterEntrypoint     -Dlog4j.configuration=file:/usr/local/flink/conf/log4j.properties "}
2018-11-13T10:50:16+00:00	flink-master.local1.info	{"host":"693c8b32041f","ident":"INFO","message":"(EnvironmentInformation.java:303)  org.apache.flink.runtime.entrypoint.ClusterEntrypoint     -Dlogback.configurationFile=file:/usr/local/flink/conf/logback.xml "}
2018-11-13T10:50:16+00:00	flink-master.local1.info	{"host":"693c8b32041f","ident":"INFO","message":"(EnvironmentInformation.java:311)  org.apache.flink.runtime.entrypoint.ClusterEntrypoint  Program Arguments: "}
2018-11-13T10:50:16+00:00	flink-master.local1.info	{"host":"693c8b32041f","ident":"INFO","message":"(EnvironmentInformation.java:313)  org.apache.flink.runtime.entrypoint.ClusterEntrypoint     --configDir "}
2018-11-13T10:50:16+00:00	flink-master.local1.info	{"host":"693c8b32041f","ident":"INFO","message":"(EnvironmentInformation.java:313)  org.apache.flink.runtime.entrypoint.ClusterEntrypoint     /usr/local/flink/conf "}
2018-11-13T10:50:16+00:00	flink-master.local1.info	{"host":"693c8b32041f","ident":"INFO","message":"(EnvironmentInformation.java:313)  org.apache.flink.runtime.entrypoint.ClusterEntrypoint     --executionMode "}
2018-11-13T10:50:16+00:00	flink-master.local1.info	{"host":"693c8b32041f","ident":"INFO","message":"(EnvironmentInformation.java:313)  org.apache.flink.runtime.entrypoint.ClusterEntrypoint     cluster "}
2018-11-13T10:50:16+00:00	flink-master.local1.info	{"host":"693c8b32041f","ident":"INFO","message":"(EnvironmentInformation.java:317)  org.apache.flink.runtime.entrypoint.ClusterEntrypoint  Classpath: /usr/local/flink/lib/flink-python_2.11-1.6.1.jar:/usr/local/flink/lib/flink-shaded-hadoop2-uber-1.6.1.jar:/usr/local/flink/lib/log4j-1.2.17.jar:/usr/local/flink/lib/slf4j-log4j12-1.7.7.jar:/usr/local/flink/lib/flink-dist_2.11-1.6.1.jar::: "}
2018-11-13T10:50:16+00:00	flink-master.local1.info	{"host":"693c8b32041f","ident":"INFO","message":"(EnvironmentInformation.java:319)  org.apache.flink.runtime.entrypoint.ClusterEntrypoint -------------------------------------------------------------------------------- "}
2018-11-13T10:50:16+00:00	flink-master.local1.info	{"host":"693c8b32041f","ident":"INFO","message":"(SignalHandler.java:90)  org.apache.flink.runtime.entrypoint.ClusterEntrypoint Registered UNIX signal handlers for [TERM, HUP, INT] "}
2018-11-13T10:50:16+00:00	flink-master.local1.info	{"host":"693c8b32041f","ident":"INFO","message":"(GlobalConfiguration.java:192)  org.apache.flink.configuration.GlobalConfiguration Loading configuration property: env.java.opts, -Dfluent.host=fluent:24224 "}
2018-11-13T10:50:16+00:00	flink-master.local1.info	{"host":"693c8b32041f","ident":"INFO","message":"(GlobalConfiguration.java:192)  org.apache.flink.configuration.GlobalConfiguration Loading configuration property: jobmanager.rpc.address, 172.20.0.4 "}
2018-11-13T10:50:16+00:00	flink-master.local1.info	{"host":"693c8b32041f","ident":"INFO","message":"(GlobalConfiguration.java:192)  org.apache.flink.configuration.GlobalConfiguration Loading configuration property: jobmanager.rpc.port, 6123 "}
2018-11-13T10:50:16+00:00	flink-master.local1.info	{"host":"693c8b32041f","ident":"INFO","message":"(GlobalConfiguration.java:192)  org.apache.flink.configuration.GlobalConfiguration Loading configuration property: jobmanager.heap.size, 1024m "}
2018-11-13T10:50:16+00:00	flink-master.local1.info	{"host":"693c8b32041f","ident":"INFO","message":"(GlobalConfiguration.java:192)  org.apache.flink.configuration.GlobalConfiguration Loading configuration property: taskmanager.heap.size, 1024m "}
2018-11-13T10:50:16+00:00	flink-master.local1.info	{"host":"693c8b32041f","ident":"INFO","message":"(GlobalConfiguration.java:192)  org.apache.flink.configuration.GlobalConfiguration Loading configuration property: taskmanager.numberOfTaskSlots, 1 "}
2018-11-13T10:50:16+00:00	flink-master.local1.info	{"host":"693c8b32041f","ident":"INFO","message":"(GlobalConfiguration.java:192)  org.apache.flink.configuration.GlobalConfiguration Loading configuration property: parallelism.default, 1 "}
2018-11-13T10:50:16+00:00	flink-master.local1.info	{"host":"693c8b32041f","ident":"INFO","message":"(GlobalConfiguration.java:192)  org.apache.flink.configuration.GlobalConfiguration Loading configuration property: rest.port, 8081 "}
2018-11-13T10:50:16+00:00	flink-master.local1.info	{"host":"693c8b32041f","ident":"INFO","message":"(GlobalConfiguration.java:192)  org.apache.flink.configuration.GlobalConfiguration Loading configuration property: blob.server.port, 6124 "}
2018-11-13T10:50:16+00:00	flink-master.local1.info	{"host":"693c8b32041f","ident":"INFO","message":"(GlobalConfiguration.java:192)  org.apache.flink.configuration.GlobalConfiguration Loading configuration property: query.server.port, 6125 "}
2018-11-13T10:50:16+00:00	flink-master.local1.info	{"host":"693c8b32041f","ident":"INFO","message":"(GlobalConfiguration.java:192)  org.apache.flink.configuration.GlobalConfiguration Loading configuration property: blob.server.port, 6124 "}
2018-11-13T10:50:16+00:00	flink-master.local1.info	{"host":"693c8b32041f","ident":"INFO","message":"(GlobalConfiguration.java:192)  org.apache.flink.configuration.GlobalConfiguration Loading configuration property: query.server.port, 6125 "}
2018-11-13T10:50:16+00:00	flink-master.local1.info	{"host":"693c8b32041f","ident":"INFO","message":"(GlobalConfiguration.java:192)  org.apache.flink.configuration.GlobalConfiguration Loading configuration property: blob.server.port, 6124 "}
2018-11-13T10:50:16+00:00	flink-master.local1.info	{"host":"693c8b32041f","ident":"INFO","message":"(GlobalConfiguration.java:192)  org.apache.flink.configuration.GlobalConfiguration Loading configuration property: query.server.port, 6125 "}
2018-11-13T10:50:16+00:00	flink-master.local1.info	{"host":"693c8b32041f","ident":"INFO","message":"(GlobalConfiguration.java:192)  org.apache.flink.configuration.GlobalConfiguration Loading configuration property: blob.server.port, 6124 "}
2018-11-13T10:50:16+00:00	flink-master.local1.info	{"host":"693c8b32041f","ident":"INFO","message":"(GlobalConfiguration.java:192)  org.apache.flink.configuration.GlobalConfiguration Loading configuration property: query.server.port, 6125 "}
2018-11-13T10:50:16+00:00	flink-master.local1.info	{"host":"693c8b32041f","ident":"INFO","message":"(GlobalConfiguration.java:192)  org.apache.flink.configuration.GlobalConfiguration Loading configuration property: blob.server.port, 6124 "}
2018-11-13T10:50:16+00:00	flink-master.local1.info	{"host":"693c8b32041f","ident":"INFO","message":"(GlobalConfiguration.java:192)  org.apache.flink.configuration.GlobalConfiguration Loading configuration property: query.server.port, 6125 "}
2018-11-13T10:50:16+00:00	flink-master.local1.info	{"host":"693c8b32041f","ident":"INFO","message":"(GlobalConfiguration.java:192)  org.apache.flink.configuration.GlobalConfiguration Loading configuration property: blob.server.port, 6124 "}
2018-11-13T10:50:16+00:00	flink-master.local1.info	{"host":"693c8b32041f","ident":"INFO","message":"(GlobalConfiguration.java:192)  org.apache.flink.configuration.GlobalConfiguration Loading configuration property: query.server.port, 6125 "}
2018-11-13T10:50:16+00:00	flink-master.local1.info	{"host":"693c8b32041f","ident":"INFO","message":"(ClusterEntrypoint.java:182)  org.apache.flink.runtime.entrypoint.ClusterEntrypoint Starting StandaloneSessionClusterEntrypoint. "}
2018-11-13T10:50:16+00:00	flink-master.local1.info	{"host":"693c8b32041f","ident":"INFO","message":"(ClusterEntrypoint.java:206)  org.apache.flink.runtime.entrypoint.ClusterEntrypoint Install default filesystem. "}
2018-11-13T10:50:16+00:00	flink-master.local1.info	{"host":"693c8b32041f","ident":"INFO","message":"(ClusterEntrypoint.java:217)  org.apache.flink.runtime.entrypoint.ClusterEntrypoint Install security context. "}
2018-11-13T10:50:16+00:00	flink-master.local1.info	{"host":"693c8b32041f","ident":"INFO","message":"(HadoopModule.java:152)  org.apache.flink.runtime.security.modules.HadoopModule Hadoop user set to root (auth:SIMPLE) "}
2018-11-13T10:50:16+00:00	flink-master.local1.info	{"host":"693c8b32041f","ident":"INFO","message":"(ClusterEntrypoint.java:259)  org.apache.flink.runtime.entrypoint.ClusterEntrypoint Initializing cluster services. "}
2018-11-13T10:50:16+00:00	flink-master.local1.info	{"host":"693c8b32041f","ident":"INFO","message":"(BootstrapTools.java:153)  org.apache.flink.runtime.entrypoint.ClusterEntrypoint Trying to start actor system at 172.20.0.4:6123 "}
2018-11-13T10:50:16+00:00	flink-master.local1.info	{"host":"693c8b32041f","ident":"INFO","message":"(Slf4jLogger.scala:92)  akka.event.slf4j.Slf4jLogger Slf4jLogger started "}
2018-11-13T10:50:16+00:00	flink-master.local1.info	{"host":"693c8b32041f","ident":"INFO","message":"(MarkerIgnoringBase.java:108)  akka.remote.Remoting Starting remoting "}
2018-11-13T10:50:16+00:00	flink-master.local1.info	{"host":"693c8b32041f","ident":"INFO","message":"(MarkerIgnoringBase.java:108)  akka.remote.Remoting Remoting started; listening on addresses :[akka.tcp://flink@172.20.0.4:6123] "}
2018-11-13T10:50:16+00:00	flink-master.local1.info	{"host":"693c8b32041f","ident":"INFO","message":"(BootstrapTools.java:165)  org.apache.flink.runtime.entrypoint.ClusterEntrypoint Actor system started at akka.tcp://flink@172.20.0.4:6123 "}
2018-11-13T10:50:16+00:00	flink-master.local1.warn	{"host":"693c8b32041f","ident":"WARN","message":"(Configuration.java:797)  org.apache.flink.configuration.Configuration Config uses deprecated configuration key 'jobmanager.rpc.address' instead of proper key 'rest.address' "}
2018-11-13T10:50:16+00:00	flink-master.local1.info	{"host":"693c8b32041f","ident":"INFO","message":"(BlobServer.java:141)  org.apache.flink.runtime.blob.BlobServer Created BLOB server storage directory /tmp/blobStore-8019d9e0-7f63-44aa-89f0-ca9be194645b "}
2018-11-13T10:50:16+00:00	flink-master.local1.info	{"host":"693c8b32041f","ident":"INFO","message":"(BlobServer.java:203)  org.apache.flink.runtime.blob.BlobServer Started BLOB server at 0.0.0.0:6124 - max concurrent requests: 50 - max backlog: 1000 "}
2018-11-13T10:50:16+00:00	flink-master.local1.info	{"host":"693c8b32041f","ident":"INFO","message":"(MetricRegistryImpl.java:113)  org.apache.flink.runtime.metrics.MetricRegistryImpl No metrics reporter configured, no metrics will be exposed/reported. "}
2018-11-13T10:50:16+00:00	flink-master.local1.info	{"host":"693c8b32041f","ident":"INFO","message":"(FileArchivedExecutionGraphStore.java:92)  org.apache.flink.runtime.dispatcher.FileArchivedExecutionGraphStore Initializing FileArchivedExecutionGraphStore: Storage directory /tmp/executionGraphStore-b0616e8f-4c07-45b2-b663-7a77e8f08064, expiration time 3600000, maximum cache size 52428800 bytes. "}
2018-11-13T10:50:16+00:00	flink-master.local1.info	{"host":"693c8b32041f","ident":"INFO","message":"(AbstractBlobCache.java:107)  org.apache.flink.runtime.blob.TransientBlobCache Created BLOB cache storage directory /tmp/blobStore-51e52647-08e4-4359-aab6-1cf58040c35c "}
2018-11-13T10:50:16+00:00	flink-master.local1.warn	{"host":"693c8b32041f","ident":"WARN","message":"(Configuration.java:797)  org.apache.flink.configuration.Configuration Config uses deprecated configuration key 'jobmanager.rpc.address' instead of proper key 'rest.address' "}
2018-11-13T10:50:16+00:00	flink-master.local1.warn	{"host":"693c8b32041f","ident":"WARN","message":"(RestServerEndpoint.java:393)  org.apache.flink.runtime.dispatcher.DispatcherRestEndpoint Upload directory /tmp/flink-web-a23df10f-2fc6-4b4b-a211-8b3e977adfa2/flink-web-upload does not exist, or has been deleted externally. Previously uploaded files are no longer available. "}
2018-11-13T10:50:16+00:00	flink-master.local1.info	{"host":"693c8b32041f","ident":"INFO","message":"(RestServerEndpoint.java:412)  org.apache.flink.runtime.dispatcher.DispatcherRestEndpoint Created directory /tmp/flink-web-a23df10f-2fc6-4b4b-a211-8b3e977adfa2/flink-web-upload for file uploads. "}
2018-11-13T10:50:16+00:00	flink-master.local1.info	{"host":"693c8b32041f","ident":"INFO","message":"(RestServerEndpoint.java:128)  org.apache.flink.runtime.dispatcher.DispatcherRestEndpoint Starting rest endpoint. "}
2018-11-13T10:50:17+00:00	flink-master.local1.info	{"host":"693c8b32041f","ident":"INFO","message":"(WebMonitorUtils.java:109)  org.apache.flink.runtime.webmonitor.WebMonitorUtils Determined location of main cluster component log file: /usr/local/flink/log/flink--standalonesession-5-693c8b32041f.log "}
2018-11-13T10:50:17+00:00	flink-master.local1.info	{"host":"693c8b32041f","ident":"INFO","message":"(WebMonitorUtils.java:110)  org.apache.flink.runtime.webmonitor.WebMonitorUtils Determined location of main cluster component stdout file: /usr/local/flink/log/flink--standalonesession-5-693c8b32041f.out "}
2018-11-13T10:50:17+00:00	flink-master.local1.info	{"host":"693c8b32041f","ident":"INFO","message":"(RestServerEndpoint.java:199)  org.apache.flink.runtime.dispatcher.DispatcherRestEndpoint Rest endpoint listening at 172.20.0.4:8081 "}
2018-11-13T10:50:17+00:00	flink-master.local1.info	{"host":"693c8b32041f","ident":"INFO","message":"(WebMonitorEndpoint.java:751)  org.apache.flink.runtime.dispatcher.DispatcherRestEndpoint http://172.20.0.4:8081 was granted leadership with leaderSessionID=00000000-0000-0000-0000-000000000000 "}
2018-11-13T10:50:17+00:00	flink-master.local1.info	{"host":"693c8b32041f","ident":"INFO","message":"(WebMonitorEndpoint.java:710)  org.apache.flink.runtime.dispatcher.DispatcherRestEndpoint Web frontend listening at http://172.20.0.4:8081. "}
2018-11-13T10:50:17+00:00	flink-master.local1.info	{"host":"693c8b32041f","ident":"INFO","message":"(AkkaRpcService.java:224)  org.apache.flink.runtime.rpc.akka.AkkaRpcService Starting RPC endpoint for org.apache.flink.runtime.resourcemanager.StandaloneResourceManager at akka://flink/user/resourcemanager . "}
2018-11-13T10:50:17+00:00	flink-master.local1.info	{"host":"693c8b32041f","ident":"INFO","message":"(AkkaRpcService.java:224)  org.apache.flink.runtime.rpc.akka.AkkaRpcService Starting RPC endpoint for org.apache.flink.runtime.dispatcher.StandaloneDispatcher at akka://flink/user/dispatcher . "}
2018-11-13T10:50:17+00:00	flink-master.local1.info	{"host":"693c8b32041f","ident":"INFO","message":"(ResourceManager.java:933)  org.apache.flink.runtime.resourcemanager.StandaloneResourceManager ResourceManager akka.tcp://flink@172.20.0.4:6123/user/resourcemanager was granted leadership with fencing token 00000000000000000000000000000000 "}
2018-11-13T10:50:17+00:00	flink-master.local1.info	{"host":"693c8b32041f","ident":"INFO","message":"(SlotManager.java:185)  org.apache.flink.runtime.resourcemanager.slotmanager.SlotManager Starting the SlotManager. "}
2018-11-13T10:50:17+00:00	flink-master.local1.info	{"host":"693c8b32041f","ident":"INFO","message":"(Dispatcher.java:814)  org.apache.flink.runtime.dispatcher.StandaloneDispatcher Dispatcher akka.tcp://flink@172.20.0.4:6123/user/dispatcher was granted leadership with fencing token 00000000-0000-0000-0000-000000000000 "}
2018-11-13T10:50:17+00:00	flink-master.local1.info	{"host":"693c8b32041f","ident":"INFO","message":"(Dispatcher.java:654)  org.apache.flink.runtime.dispatcher.StandaloneDispatcher Recovering all persisted jobs. "}
2018-11-13T10:51:40+00:00	flink-master.local1.info	{"host":"693c8b32041f","ident":"INFO","message":"(EnvironmentInformation.java:281)  org.apache.flink.runtime.entrypoint.ClusterEntrypoint -------------------------------------------------------------------------------- "}
2018-11-13T10:51:40+00:00	flink-master.local1.info	{"host":"693c8b32041f","ident":"INFO","message":"(EnvironmentInformation.java:282)  org.apache.flink.runtime.entrypoint.ClusterEntrypoint  Starting StandaloneSessionClusterEntrypoint (Version: 1.6.1, Rev:23e2636, Date:14.09.2018 @ 19:56:46 UTC) "}
2018-11-13T10:51:40+00:00	flink-master.local1.info	{"host":"693c8b32041f","ident":"INFO","message":"(EnvironmentInformation.java:284)  org.apache.flink.runtime.entrypoint.ClusterEntrypoint  OS current user: root "}
2018-11-13T10:51:40+00:00	flink-master.local1.warn	{"host":"693c8b32041f","ident":"WARN","message":"(NativeCodeLoader.java:62)  org.apache.hadoop.util.NativeCodeLoader Unable to load native-hadoop library for your platform... using builtin-java classes where applicable "}
2018-11-13T10:51:40+00:00	flink-master.local1.info	{"host":"693c8b32041f","ident":"INFO","message":"(EnvironmentInformation.java:285)  org.apache.flink.runtime.entrypoint.ClusterEntrypoint  Current Hadoop/Kerberos user: root "}
2018-11-13T10:51:40+00:00	flink-master.local1.info	{"host":"693c8b32041f","ident":"INFO","message":"(EnvironmentInformation.java:286)  org.apache.flink.runtime.entrypoint.ClusterEntrypoint  JVM: OpenJDK 64-Bit Server VM - Oracle Corporation - 1.8/25.111-b14 "}
2018-11-13T10:51:40+00:00	flink-master.local1.info	{"host":"693c8b32041f","ident":"INFO","message":"(EnvironmentInformation.java:287)  org.apache.flink.runtime.entrypoint.ClusterEntrypoint  Maximum heap size: 981 MiBytes "}
2018-11-13T10:51:40+00:00	flink-master.local1.info	{"host":"693c8b32041f","ident":"INFO","message":"(EnvironmentInformation.java:288)  org.apache.flink.runtime.entrypoint.ClusterEntrypoint  JAVA_HOME: /usr/lib/jvm/java-8-openjdk-amd64 "}
2018-11-13T10:51:40+00:00	flink-master.local1.info	{"host":"693c8b32041f","ident":"INFO","message":"(EnvironmentInformation.java:292)  org.apache.flink.runtime.entrypoint.ClusterEntrypoint  Hadoop version: 2.8.3 "}
2018-11-13T10:51:40+00:00	flink-master.local1.info	{"host":"693c8b32041f","ident":"INFO","message":"(EnvironmentInformation.java:301)  org.apache.flink.runtime.entrypoint.ClusterEntrypoint  JVM Options: "}
2018-11-13T10:51:40+00:00	flink-master.local1.info	{"host":"693c8b32041f","ident":"INFO","message":"(EnvironmentInformation.java:303)  org.apache.flink.runtime.entrypoint.ClusterEntrypoint     -Xms1024m "}
2018-11-13T10:51:40+00:00	flink-master.local1.info	{"host":"693c8b32041f","ident":"INFO","message":"(EnvironmentInformation.java:303)  org.apache.flink.runtime.entrypoint.ClusterEntrypoint     -Xmx1024m "}
2018-11-13T10:51:40+00:00	flink-master.local1.info	{"host":"693c8b32041f","ident":"INFO","message":"(EnvironmentInformation.java:303)  org.apache.flink.runtime.entrypoint.ClusterEntrypoint     -Dfluent.host=fluent:24224 "}
2018-11-13T10:51:40+00:00	flink-master.local1.info	{"host":"693c8b32041f","ident":"INFO","message":"(EnvironmentInformation.java:303)  org.apache.flink.runtime.entrypoint.ClusterEntrypoint     -Dlog.file=/usr/local/flink/log/flink--standalonesession-6-693c8b32041f.log "}
2018-11-13T10:51:40+00:00	flink-master.local1.info	{"host":"693c8b32041f","ident":"INFO","message":"(EnvironmentInformation.java:303)  org.apache.flink.runtime.entrypoint.ClusterEntrypoint     -Dlog4j.configuration=file:/usr/local/flink/conf/log4j.properties "}
2018-11-13T10:51:40+00:00	flink-master.local1.info	{"host":"693c8b32041f","ident":"INFO","message":"(EnvironmentInformation.java:303)  org.apache.flink.runtime.entrypoint.ClusterEntrypoint     -Dlogback.configurationFile=file:/usr/local/flink/conf/logback.xml "}
2018-11-13T10:51:40+00:00	flink-master.local1.info	{"host":"693c8b32041f","ident":"INFO","message":"(EnvironmentInformation.java:311)  org.apache.flink.runtime.entrypoint.ClusterEntrypoint  Program Arguments: "}
2018-11-13T10:51:40+00:00	flink-master.local1.info	{"host":"693c8b32041f","ident":"INFO","message":"(EnvironmentInformation.java:313)  org.apache.flink.runtime.entrypoint.ClusterEntrypoint     --configDir "}
2018-11-13T10:51:40+00:00	flink-master.local1.info	{"host":"693c8b32041f","ident":"INFO","message":"(EnvironmentInformation.java:313)  org.apache.flink.runtime.entrypoint.ClusterEntrypoint     /usr/local/flink/conf "}
2018-11-13T10:51:40+00:00	flink-master.local1.info	{"host":"693c8b32041f","ident":"INFO","message":"(EnvironmentInformation.java:313)  org.apache.flink.runtime.entrypoint.ClusterEntrypoint     --executionMode "}
2018-11-13T10:51:40+00:00	flink-master.local1.info	{"host":"693c8b32041f","ident":"INFO","message":"(EnvironmentInformation.java:313)  org.apache.flink.runtime.entrypoint.ClusterEntrypoint     cluster "}
2018-11-13T10:51:40+00:00	flink-master.local1.info	{"host":"693c8b32041f","ident":"INFO","message":"(EnvironmentInformation.java:317)  org.apache.flink.runtime.entrypoint.ClusterEntrypoint  Classpath: /usr/local/flink/lib/flink-python_2.11-1.6.1.jar:/usr/local/flink/lib/flink-shaded-hadoop2-uber-1.6.1.jar:/usr/local/flink/lib/log4j-1.2.17.jar:/usr/local/flink/lib/slf4j-log4j12-1.7.7.jar:/usr/local/flink/lib/flink-dist_2.11-1.6.1.jar::: "}
2018-11-13T10:51:40+00:00	flink-master.local1.info	{"host":"693c8b32041f","ident":"INFO","message":"(EnvironmentInformation.java:319)  org.apache.flink.runtime.entrypoint.ClusterEntrypoint -------------------------------------------------------------------------------- "}
2018-11-13T10:51:40+00:00	flink-master.local1.info	{"host":"693c8b32041f","ident":"INFO","message":"(SignalHandler.java:90)  org.apache.flink.runtime.entrypoint.ClusterEntrypoint Registered UNIX signal handlers for [TERM, HUP, INT] "}
2018-11-13T10:51:40+00:00	flink-master.local1.info	{"host":"693c8b32041f","ident":"INFO","message":"(GlobalConfiguration.java:192)  org.apache.flink.configuration.GlobalConfiguration Loading configuration property: env.java.opts, -Dfluent.host=${FLUENT_HOST}:${FLUENT_PORT} "}
2018-11-13T10:51:40+00:00	flink-master.local1.info	{"host":"693c8b32041f","ident":"INFO","message":"(GlobalConfiguration.java:192)  org.apache.flink.configuration.GlobalConfiguration Loading configuration property: jobmanager.rpc.address, 172.20.0.4 "}
2018-11-13T10:51:40+00:00	flink-master.local1.info	{"host":"693c8b32041f","ident":"INFO","message":"(GlobalConfiguration.java:192)  org.apache.flink.configuration.GlobalConfiguration Loading configuration property: jobmanager.rpc.port, 6123 "}
2018-11-13T10:51:40+00:00	flink-master.local1.info	{"host":"693c8b32041f","ident":"INFO","message":"(GlobalConfiguration.java:192)  org.apache.flink.configuration.GlobalConfiguration Loading configuration property: jobmanager.heap.size, 1024m "}
2018-11-13T10:51:40+00:00	flink-master.local1.info	{"host":"693c8b32041f","ident":"INFO","message":"(GlobalConfiguration.java:192)  org.apache.flink.configuration.GlobalConfiguration Loading configuration property: taskmanager.heap.size, 1024m "}
2018-11-13T10:51:40+00:00	flink-master.local1.info	{"host":"693c8b32041f","ident":"INFO","message":"(GlobalConfiguration.java:192)  org.apache.flink.configuration.GlobalConfiguration Loading configuration property: taskmanager.numberOfTaskSlots, 1 "}
2018-11-13T10:51:40+00:00	flink-master.local1.info	{"host":"693c8b32041f","ident":"INFO","message":"(GlobalConfiguration.java:192)  org.apache.flink.configuration.GlobalConfiguration Loading configuration property: parallelism.default, 1 "}
2018-11-13T10:51:40+00:00	flink-master.local1.info	{"host":"693c8b32041f","ident":"INFO","message":"(GlobalConfiguration.java:192)  org.apache.flink.configuration.GlobalConfiguration Loading configuration property: rest.port, 8081 "}
2018-11-13T10:51:40+00:00	flink-master.local1.info	{"host":"693c8b32041f","ident":"INFO","message":"(GlobalConfiguration.java:192)  org.apache.flink.configuration.GlobalConfiguration Loading configuration property: blob.server.port, 6124 "}
2018-11-13T10:51:40+00:00	flink-master.local1.info	{"host":"693c8b32041f","ident":"INFO","message":"(GlobalConfiguration.java:192)  org.apache.flink.configuration.GlobalConfiguration Loading configuration property: query.server.port, 6125 "}
2018-11-13T10:51:40+00:00	flink-master.local1.info	{"host":"693c8b32041f","ident":"INFO","message":"(GlobalConfiguration.java:192)  org.apache.flink.configuration.GlobalConfiguration Loading configuration property: blob.server.port, 6124 "}
2018-11-13T10:51:40+00:00	flink-master.local1.info	{"host":"693c8b32041f","ident":"INFO","message":"(GlobalConfiguration.java:192)  org.apache.flink.configuration.GlobalConfiguration Loading configuration property: query.server.port, 6125 "}
2018-11-13T10:51:40+00:00	flink-master.local1.info	{"host":"693c8b32041f","ident":"INFO","message":"(GlobalConfiguration.java:192)  org.apache.flink.configuration.GlobalConfiguration Loading configuration property: blob.server.port, 6124 "}
2018-11-13T10:51:40+00:00	flink-master.local1.info	{"host":"693c8b32041f","ident":"INFO","message":"(GlobalConfiguration.java:192)  org.apache.flink.configuration.GlobalConfiguration Loading configuration property: query.server.port, 6125 "}
2018-11-13T10:51:40+00:00	flink-master.local1.info	{"host":"693c8b32041f","ident":"INFO","message":"(GlobalConfiguration.java:192)  org.apache.flink.configuration.GlobalConfiguration Loading configuration property: blob.server.port, 6124 "}
2018-11-13T10:51:40+00:00	flink-master.local1.info	{"host":"693c8b32041f","ident":"INFO","message":"(GlobalConfiguration.java:192)  org.apache.flink.configuration.GlobalConfiguration Loading configuration property: query.server.port, 6125 "}
2018-11-13T10:51:40+00:00	flink-master.local1.info	{"host":"693c8b32041f","ident":"INFO","message":"(GlobalConfiguration.java:192)  org.apache.flink.configuration.GlobalConfiguration Loading configuration property: blob.server.port, 6124 "}
2018-11-13T10:51:40+00:00	flink-master.local1.info	{"host":"693c8b32041f","ident":"INFO","message":"(GlobalConfiguration.java:192)  org.apache.flink.configuration.GlobalConfiguration Loading configuration property: query.server.port, 6125 "}
2018-11-13T10:51:40+00:00	flink-master.local1.info	{"host":"693c8b32041f","ident":"INFO","message":"(GlobalConfiguration.java:192)  org.apache.flink.configuration.GlobalConfiguration Loading configuration property: blob.server.port, 6124 "}
2018-11-13T10:51:40+00:00	flink-master.local1.info	{"host":"693c8b32041f","ident":"INFO","message":"(GlobalConfiguration.java:192)  org.apache.flink.configuration.GlobalConfiguration Loading configuration property: query.server.port, 6125 "}
2018-11-13T10:51:40+00:00	flink-master.local1.info	{"host":"693c8b32041f","ident":"INFO","message":"(GlobalConfiguration.java:192)  org.apache.flink.configuration.GlobalConfiguration Loading configuration property: blob.server.port, 6124 "}
2018-11-13T10:51:40+00:00	flink-master.local1.info	{"host":"693c8b32041f","ident":"INFO","message":"(GlobalConfiguration.java:192)  org.apache.flink.configuration.GlobalConfiguration Loading configuration property: query.server.port, 6125 "}
2018-11-13T10:51:40+00:00	flink-master.local1.info	{"host":"693c8b32041f","ident":"INFO","message":"(ClusterEntrypoint.java:182)  org.apache.flink.runtime.entrypoint.ClusterEntrypoint Starting StandaloneSessionClusterEntrypoint. "}
2018-11-13T10:51:40+00:00	flink-master.local1.info	{"host":"693c8b32041f","ident":"INFO","message":"(ClusterEntrypoint.java:206)  org.apache.flink.runtime.entrypoint.ClusterEntrypoint Install default filesystem. "}
2018-11-13T10:51:40+00:00	flink-master.local1.info	{"host":"693c8b32041f","ident":"INFO","message":"(ClusterEntrypoint.java:217)  org.apache.flink.runtime.entrypoint.ClusterEntrypoint Install security context. "}
2018-11-13T10:51:40+00:00	flink-master.local1.info	{"host":"693c8b32041f","ident":"INFO","message":"(HadoopModule.java:152)  org.apache.flink.runtime.security.modules.HadoopModule Hadoop user set to root (auth:SIMPLE) "}
2018-11-13T10:51:40+00:00	flink-master.local1.info	{"host":"693c8b32041f","ident":"INFO","message":"(ClusterEntrypoint.java:259)  org.apache.flink.runtime.entrypoint.ClusterEntrypoint Initializing cluster services. "}
2018-11-13T10:51:40+00:00	flink-master.local1.info	{"host":"693c8b32041f","ident":"INFO","message":"(BootstrapTools.java:153)  org.apache.flink.runtime.entrypoint.ClusterEntrypoint Trying to start actor system at 172.20.0.4:6123 "}
2018-11-13T10:51:41+00:00	flink-master.local1.info	{"host":"693c8b32041f","ident":"INFO","message":"(Slf4jLogger.scala:92)  akka.event.slf4j.Slf4jLogger Slf4jLogger started "}
2018-11-13T10:51:41+00:00	flink-master.local1.info	{"host":"693c8b32041f","ident":"INFO","message":"(MarkerIgnoringBase.java:108)  akka.remote.Remoting Starting remoting "}
2018-11-13T10:51:41+00:00	flink-master.local1.info	{"host":"693c8b32041f","ident":"INFO","message":"(MarkerIgnoringBase.java:108)  akka.remote.Remoting Remoting started; listening on addresses :[akka.tcp://flink@172.20.0.4:6123] "}
2018-11-13T10:51:41+00:00	flink-master.local1.info	{"host":"693c8b32041f","ident":"INFO","message":"(BootstrapTools.java:165)  org.apache.flink.runtime.entrypoint.ClusterEntrypoint Actor system started at akka.tcp://flink@172.20.0.4:6123 "}
2018-11-13T10:51:41+00:00	flink-master.local1.warn	{"host":"693c8b32041f","ident":"WARN","message":"(Configuration.java:797)  org.apache.flink.configuration.Configuration Config uses deprecated configuration key 'jobmanager.rpc.address' instead of proper key 'rest.address' "}
2018-11-13T10:51:41+00:00	flink-master.local1.info	{"host":"693c8b32041f","ident":"INFO","message":"(BlobServer.java:141)  org.apache.flink.runtime.blob.BlobServer Created BLOB server storage directory /tmp/blobStore-001313ee-3e67-4ed7-8e3a-0e3cfcaf47a6 "}
2018-11-13T10:51:41+00:00	flink-master.local1.info	{"host":"693c8b32041f","ident":"INFO","message":"(BlobServer.java:203)  org.apache.flink.runtime.blob.BlobServer Started BLOB server at 0.0.0.0:6124 - max concurrent requests: 50 - max backlog: 1000 "}
2018-11-13T10:51:41+00:00	flink-master.local1.info	{"host":"693c8b32041f","ident":"INFO","message":"(MetricRegistryImpl.java:113)  org.apache.flink.runtime.metrics.MetricRegistryImpl No metrics reporter configured, no metrics will be exposed/reported. "}
2018-11-13T10:51:41+00:00	flink-master.local1.info	{"host":"693c8b32041f","ident":"INFO","message":"(FileArchivedExecutionGraphStore.java:92)  org.apache.flink.runtime.dispatcher.FileArchivedExecutionGraphStore Initializing FileArchivedExecutionGraphStore: Storage directory /tmp/executionGraphStore-890b0c01-b017-4115-a9d5-bfe212d56bd1, expiration time 3600000, maximum cache size 52428800 bytes. "}
2018-11-13T10:51:41+00:00	flink-master.local1.info	{"host":"693c8b32041f","ident":"INFO","message":"(AbstractBlobCache.java:107)  org.apache.flink.runtime.blob.TransientBlobCache Created BLOB cache storage directory /tmp/blobStore-62f916e5-30ac-4c8a-bd67-e58f7e9baa2e "}
2018-11-13T10:51:41+00:00	flink-master.local1.warn	{"host":"693c8b32041f","ident":"WARN","message":"(Configuration.java:797)  org.apache.flink.configuration.Configuration Config uses deprecated configuration key 'jobmanager.rpc.address' instead of proper key 'rest.address' "}
2018-11-13T10:51:41+00:00	flink-master.local1.warn	{"host":"693c8b32041f","ident":"WARN","message":"(RestServerEndpoint.java:393)  org.apache.flink.runtime.dispatcher.DispatcherRestEndpoint Upload directory /tmp/flink-web-abeaea75-291e-445c-a80d-6e09573deb80/flink-web-upload does not exist, or has been deleted externally. Previously uploaded files are no longer available. "}
2018-11-13T10:51:41+00:00	flink-master.local1.info	{"host":"693c8b32041f","ident":"INFO","message":"(RestServerEndpoint.java:412)  org.apache.flink.runtime.dispatcher.DispatcherRestEndpoint Created directory /tmp/flink-web-abeaea75-291e-445c-a80d-6e09573deb80/flink-web-upload for file uploads. "}
2018-11-13T10:51:41+00:00	flink-master.local1.info	{"host":"693c8b32041f","ident":"INFO","message":"(RestServerEndpoint.java:128)  org.apache.flink.runtime.dispatcher.DispatcherRestEndpoint Starting rest endpoint. "}
2018-11-13T10:51:41+00:00	flink-master.local1.info	{"host":"693c8b32041f","ident":"INFO","message":"(WebMonitorUtils.java:109)  org.apache.flink.runtime.webmonitor.WebMonitorUtils Determined location of main cluster component log file: /usr/local/flink/log/flink--standalonesession-6-693c8b32041f.log "}
2018-11-13T10:51:41+00:00	flink-master.local1.info	{"host":"693c8b32041f","ident":"INFO","message":"(WebMonitorUtils.java:110)  org.apache.flink.runtime.webmonitor.WebMonitorUtils Determined location of main cluster component stdout file: /usr/local/flink/log/flink--standalonesession-6-693c8b32041f.out "}
2018-11-13T10:51:41+00:00	flink-master.local1.info	{"host":"693c8b32041f","ident":"INFO","message":"(RestServerEndpoint.java:199)  org.apache.flink.runtime.dispatcher.DispatcherRestEndpoint Rest endpoint listening at 172.20.0.4:8081 "}
2018-11-13T10:51:41+00:00	flink-master.local1.info	{"host":"693c8b32041f","ident":"INFO","message":"(WebMonitorEndpoint.java:751)  org.apache.flink.runtime.dispatcher.DispatcherRestEndpoint http://172.20.0.4:8081 was granted leadership with leaderSessionID=00000000-0000-0000-0000-000000000000 "}
2018-11-13T10:51:41+00:00	flink-master.local1.info	{"host":"693c8b32041f","ident":"INFO","message":"(WebMonitorEndpoint.java:710)  org.apache.flink.runtime.dispatcher.DispatcherRestEndpoint Web frontend listening at http://172.20.0.4:8081. "}
2018-11-13T10:51:41+00:00	flink-master.local1.info	{"host":"693c8b32041f","ident":"INFO","message":"(AkkaRpcService.java:224)  org.apache.flink.runtime.rpc.akka.AkkaRpcService Starting RPC endpoint for org.apache.flink.runtime.resourcemanager.StandaloneResourceManager at akka://flink/user/resourcemanager . "}
2018-11-13T10:51:41+00:00	flink-master.local1.info	{"host":"693c8b32041f","ident":"INFO","message":"(AkkaRpcService.java:224)  org.apache.flink.runtime.rpc.akka.AkkaRpcService Starting RPC endpoint for org.apache.flink.runtime.dispatcher.StandaloneDispatcher at akka://flink/user/dispatcher . "}
2018-11-13T10:51:41+00:00	flink-master.local1.info	{"host":"693c8b32041f","ident":"INFO","message":"(ResourceManager.java:933)  org.apache.flink.runtime.resourcemanager.StandaloneResourceManager ResourceManager akka.tcp://flink@172.20.0.4:6123/user/resourcemanager was granted leadership with fencing token 00000000000000000000000000000000 "}
2018-11-13T10:51:41+00:00	flink-master.local1.info	{"host":"693c8b32041f","ident":"INFO","message":"(SlotManager.java:185)  org.apache.flink.runtime.resourcemanager.slotmanager.SlotManager Starting the SlotManager. "}
2018-11-13T10:51:41+00:00	flink-master.local1.info	{"host":"693c8b32041f","ident":"INFO","message":"(Dispatcher.java:814)  org.apache.flink.runtime.dispatcher.StandaloneDispatcher Dispatcher akka.tcp://flink@172.20.0.4:6123/user/dispatcher was granted leadership with fencing token 00000000-0000-0000-0000-000000000000 "}
2018-11-13T10:51:41+00:00	flink-master.local1.info	{"host":"693c8b32041f","ident":"INFO","message":"(Dispatcher.java:654)  org.apache.flink.runtime.dispatcher.StandaloneDispatcher Recovering all persisted jobs. "}
2018-11-13T11:07:15+00:00	flink-master.local1.info	{"host":"2fc1b1a00236","ident":"INFO","message":"(EnvironmentInformation.java:281)  org.apache.flink.runtime.entrypoint.ClusterEntrypoint -------------------------------------------------------------------------------- "}
2018-11-13T11:07:15+00:00	flink-master.local1.info	{"host":"2fc1b1a00236","ident":"INFO","message":"(EnvironmentInformation.java:282)  org.apache.flink.runtime.entrypoint.ClusterEntrypoint  Starting StandaloneSessionClusterEntrypoint (Version: 1.6.1, Rev:23e2636, Date:14.09.2018 @ 19:56:46 UTC) "}
2018-11-13T11:07:15+00:00	flink-master.local1.info	{"host":"2fc1b1a00236","ident":"INFO","message":"(EnvironmentInformation.java:284)  org.apache.flink.runtime.entrypoint.ClusterEntrypoint  OS current user: root "}
2018-11-13T11:07:15+00:00	flink-master.local1.warn	{"host":"2fc1b1a00236","ident":"WARN","message":"(NativeCodeLoader.java:62)  org.apache.hadoop.util.NativeCodeLoader Unable to load native-hadoop library for your platform... using builtin-java classes where applicable "}
2018-11-13T11:07:15+00:00	flink-master.local1.info	{"host":"2fc1b1a00236","ident":"INFO","message":"(EnvironmentInformation.java:285)  org.apache.flink.runtime.entrypoint.ClusterEntrypoint  Current Hadoop/Kerberos user: root "}
2018-11-13T11:07:15+00:00	flink-master.local1.info	{"host":"2fc1b1a00236","ident":"INFO","message":"(EnvironmentInformation.java:286)  org.apache.flink.runtime.entrypoint.ClusterEntrypoint  JVM: OpenJDK 64-Bit Server VM - Oracle Corporation - 1.8/25.111-b14 "}
2018-11-13T11:07:15+00:00	flink-master.local1.info	{"host":"2fc1b1a00236","ident":"INFO","message":"(EnvironmentInformation.java:287)  org.apache.flink.runtime.entrypoint.ClusterEntrypoint  Maximum heap size: 981 MiBytes "}
2018-11-13T11:07:15+00:00	flink-master.local1.info	{"host":"2fc1b1a00236","ident":"INFO","message":"(EnvironmentInformation.java:288)  org.apache.flink.runtime.entrypoint.ClusterEntrypoint  JAVA_HOME: /usr/lib/jvm/java-8-openjdk-amd64 "}
2018-11-13T11:07:15+00:00	flink-master.local1.info	{"host":"2fc1b1a00236","ident":"INFO","message":"(EnvironmentInformation.java:292)  org.apache.flink.runtime.entrypoint.ClusterEntrypoint  Hadoop version: 2.8.3 "}
2018-11-13T11:07:15+00:00	flink-master.local1.info	{"host":"2fc1b1a00236","ident":"INFO","message":"(EnvironmentInformation.java:301)  org.apache.flink.runtime.entrypoint.ClusterEntrypoint  JVM Options: "}
2018-11-13T11:07:15+00:00	flink-master.local1.info	{"host":"2fc1b1a00236","ident":"INFO","message":"(EnvironmentInformation.java:303)  org.apache.flink.runtime.entrypoint.ClusterEntrypoint     -Xms1024m "}
2018-11-13T11:07:15+00:00	flink-master.local1.info	{"host":"2fc1b1a00236","ident":"INFO","message":"(EnvironmentInformation.java:303)  org.apache.flink.runtime.entrypoint.ClusterEntrypoint     -Xmx1024m "}
2018-11-13T11:07:15+00:00	flink-master.local1.info	{"host":"2fc1b1a00236","ident":"INFO","message":"(EnvironmentInformation.java:303)  org.apache.flink.runtime.entrypoint.ClusterEntrypoint     -Dfluent.host=fluent:24224 "}
2018-11-13T11:07:15+00:00	flink-master.local1.info	{"host":"2fc1b1a00236","ident":"INFO","message":"(EnvironmentInformation.java:303)  org.apache.flink.runtime.entrypoint.ClusterEntrypoint     -Dlog.file=/usr/local/flink/log/flink--standalonesession-0-2fc1b1a00236.log "}
2018-11-13T11:07:15+00:00	flink-master.local1.info	{"host":"2fc1b1a00236","ident":"INFO","message":"(EnvironmentInformation.java:303)  org.apache.flink.runtime.entrypoint.ClusterEntrypoint     -Dlog4j.configuration=file:/usr/local/flink/conf/log4j.properties "}
2018-11-13T11:07:15+00:00	flink-master.local1.info	{"host":"2fc1b1a00236","ident":"INFO","message":"(EnvironmentInformation.java:303)  org.apache.flink.runtime.entrypoint.ClusterEntrypoint     -Dlogback.configurationFile=file:/usr/local/flink/conf/logback.xml "}
2018-11-13T11:07:15+00:00	flink-master.local1.info	{"host":"2fc1b1a00236","ident":"INFO","message":"(EnvironmentInformation.java:311)  org.apache.flink.runtime.entrypoint.ClusterEntrypoint  Program Arguments: "}
2018-11-13T11:07:15+00:00	flink-master.local1.info	{"host":"2fc1b1a00236","ident":"INFO","message":"(EnvironmentInformation.java:313)  org.apache.flink.runtime.entrypoint.ClusterEntrypoint     --configDir "}
2018-11-13T11:07:15+00:00	flink-master.local1.info	{"host":"2fc1b1a00236","ident":"INFO","message":"(EnvironmentInformation.java:313)  org.apache.flink.runtime.entrypoint.ClusterEntrypoint     /usr/local/flink/conf "}
2018-11-13T11:07:15+00:00	flink-master.local1.info	{"host":"2fc1b1a00236","ident":"INFO","message":"(EnvironmentInformation.java:313)  org.apache.flink.runtime.entrypoint.ClusterEntrypoint     --executionMode "}
2018-11-13T11:07:15+00:00	flink-master.local1.info	{"host":"2fc1b1a00236","ident":"INFO","message":"(EnvironmentInformation.java:313)  org.apache.flink.runtime.entrypoint.ClusterEntrypoint     cluster "}
2018-11-13T11:07:15+00:00	flink-master.local1.info	{"host":"2fc1b1a00236","ident":"INFO","message":"(EnvironmentInformation.java:317)  org.apache.flink.runtime.entrypoint.ClusterEntrypoint  Classpath: /usr/local/flink/lib/flink-python_2.11-1.6.1.jar:/usr/local/flink/lib/flink-shaded-hadoop2-uber-1.6.1.jar:/usr/local/flink/lib/log4j-1.2.17.jar:/usr/local/flink/lib/slf4j-log4j12-1.7.7.jar:/usr/local/flink/lib/flink-dist_2.11-1.6.1.jar::: "}
2018-11-13T11:07:15+00:00	flink-master.local1.info	{"host":"2fc1b1a00236","ident":"INFO","message":"(EnvironmentInformation.java:319)  org.apache.flink.runtime.entrypoint.ClusterEntrypoint -------------------------------------------------------------------------------- "}
2018-11-13T11:07:15+00:00	flink-master.local1.info	{"host":"2fc1b1a00236","ident":"INFO","message":"(SignalHandler.java:90)  org.apache.flink.runtime.entrypoint.ClusterEntrypoint Registered UNIX signal handlers for [TERM, HUP, INT] "}
2018-11-13T11:07:15+00:00	flink-master.local1.info	{"host":"2fc1b1a00236","ident":"INFO","message":"(GlobalConfiguration.java:192)  org.apache.flink.configuration.GlobalConfiguration Loading configuration property: jobmanager.rpc.address, 172.20.0.4 "}
2018-11-13T11:07:15+00:00	flink-master.local1.info	{"host":"2fc1b1a00236","ident":"INFO","message":"(GlobalConfiguration.java:192)  org.apache.flink.configuration.GlobalConfiguration Loading configuration property: jobmanager.rpc.port, 6123 "}
2018-11-13T11:07:15+00:00	flink-master.local1.info	{"host":"2fc1b1a00236","ident":"INFO","message":"(GlobalConfiguration.java:192)  org.apache.flink.configuration.GlobalConfiguration Loading configuration property: jobmanager.heap.size, 1024m "}
2018-11-13T11:07:15+00:00	flink-master.local1.info	{"host":"2fc1b1a00236","ident":"INFO","message":"(GlobalConfiguration.java:192)  org.apache.flink.configuration.GlobalConfiguration Loading configuration property: taskmanager.heap.size, 1024m "}
2018-11-13T11:07:15+00:00	flink-master.local1.info	{"host":"2fc1b1a00236","ident":"INFO","message":"(GlobalConfiguration.java:192)  org.apache.flink.configuration.GlobalConfiguration Loading configuration property: taskmanager.numberOfTaskSlots, 1 "}
2018-11-13T11:07:15+00:00	flink-master.local1.info	{"host":"2fc1b1a00236","ident":"INFO","message":"(GlobalConfiguration.java:192)  org.apache.flink.configuration.GlobalConfiguration Loading configuration property: parallelism.default, 1 "}
2018-11-13T11:07:15+00:00	flink-master.local1.info	{"host":"2fc1b1a00236","ident":"INFO","message":"(GlobalConfiguration.java:192)  org.apache.flink.configuration.GlobalConfiguration Loading configuration property: rest.port, 8081 "}
2018-11-13T11:07:15+00:00	flink-master.local1.info	{"host":"2fc1b1a00236","ident":"INFO","message":"(GlobalConfiguration.java:192)  org.apache.flink.configuration.GlobalConfiguration Loading configuration property: blob.server.port, 6124 "}
2018-11-13T11:07:15+00:00	flink-master.local1.info	{"host":"2fc1b1a00236","ident":"INFO","message":"(GlobalConfiguration.java:192)  org.apache.flink.configuration.GlobalConfiguration Loading configuration property: query.server.port, 6125 "}
2018-11-13T11:07:15+00:00	flink-master.local1.info	{"host":"2fc1b1a00236","ident":"INFO","message":"(GlobalConfiguration.java:192)  org.apache.flink.configuration.GlobalConfiguration Loading configuration property: env.java.opts, -Dfluent.host=fluent:24224 "}
2018-11-13T11:07:15+00:00	flink-master.local1.info	{"host":"2fc1b1a00236","ident":"INFO","message":"(ClusterEntrypoint.java:182)  org.apache.flink.runtime.entrypoint.ClusterEntrypoint Starting StandaloneSessionClusterEntrypoint. "}
2018-11-13T11:07:15+00:00	flink-master.local1.info	{"host":"2fc1b1a00236","ident":"INFO","message":"(ClusterEntrypoint.java:206)  org.apache.flink.runtime.entrypoint.ClusterEntrypoint Install default filesystem. "}
2018-11-13T11:07:15+00:00	flink-master.local1.info	{"host":"2fc1b1a00236","ident":"INFO","message":"(ClusterEntrypoint.java:217)  org.apache.flink.runtime.entrypoint.ClusterEntrypoint Install security context. "}
2018-11-13T11:07:15+00:00	flink-master.local1.info	{"host":"2fc1b1a00236","ident":"INFO","message":"(HadoopModule.java:152)  org.apache.flink.runtime.security.modules.HadoopModule Hadoop user set to root (auth:SIMPLE) "}
2018-11-13T11:07:15+00:00	flink-master.local1.info	{"host":"2fc1b1a00236","ident":"INFO","message":"(ClusterEntrypoint.java:259)  org.apache.flink.runtime.entrypoint.ClusterEntrypoint Initializing cluster services. "}
2018-11-13T11:07:15+00:00	flink-master.local1.info	{"host":"2fc1b1a00236","ident":"INFO","message":"(BootstrapTools.java:153)  org.apache.flink.runtime.entrypoint.ClusterEntrypoint Trying to start actor system at 172.20.0.4:6123 "}
2018-11-13T11:07:15+00:00	flink-master.local1.info	{"host":"2fc1b1a00236","ident":"INFO","message":"(Slf4jLogger.scala:92)  akka.event.slf4j.Slf4jLogger Slf4jLogger started "}
2018-11-13T11:07:15+00:00	flink-master.local1.info	{"host":"2fc1b1a00236","ident":"INFO","message":"(MarkerIgnoringBase.java:108)  akka.remote.Remoting Starting remoting "}
2018-11-13T11:07:16+00:00	flink-master.local1.info	{"host":"2fc1b1a00236","ident":"INFO","message":"(MarkerIgnoringBase.java:108)  akka.remote.Remoting Remoting started; listening on addresses :[akka.tcp://flink@172.20.0.4:6123] "}
2018-11-13T11:07:16+00:00	flink-master.local1.info	{"host":"2fc1b1a00236","ident":"INFO","message":"(BootstrapTools.java:165)  org.apache.flink.runtime.entrypoint.ClusterEntrypoint Actor system started at akka.tcp://flink@172.20.0.4:6123 "}
2018-11-13T11:07:16+00:00	flink-master.local1.warn	{"host":"2fc1b1a00236","ident":"WARN","message":"(Configuration.java:797)  org.apache.flink.configuration.Configuration Config uses deprecated configuration key 'jobmanager.rpc.address' instead of proper key 'rest.address' "}
2018-11-13T11:07:16+00:00	flink-master.local1.info	{"host":"2fc1b1a00236","ident":"INFO","message":"(BlobServer.java:141)  org.apache.flink.runtime.blob.BlobServer Created BLOB server storage directory /tmp/blobStore-e1e70a34-c5d8-4806-831f-3db37dde428d "}
2018-11-13T11:07:16+00:00	flink-master.local1.info	{"host":"2fc1b1a00236","ident":"INFO","message":"(BlobServer.java:203)  org.apache.flink.runtime.blob.BlobServer Started BLOB server at 0.0.0.0:6124 - max concurrent requests: 50 - max backlog: 1000 "}
2018-11-13T11:07:16+00:00	flink-master.local1.info	{"host":"2fc1b1a00236","ident":"INFO","message":"(MetricRegistryImpl.java:113)  org.apache.flink.runtime.metrics.MetricRegistryImpl No metrics reporter configured, no metrics will be exposed/reported. "}
2018-11-13T11:07:16+00:00	flink-master.local1.info	{"host":"2fc1b1a00236","ident":"INFO","message":"(FileArchivedExecutionGraphStore.java:92)  org.apache.flink.runtime.dispatcher.FileArchivedExecutionGraphStore Initializing FileArchivedExecutionGraphStore: Storage directory /tmp/executionGraphStore-35969a86-f06f-4fe9-a9ba-ec7b26d1e1e1, expiration time 3600000, maximum cache size 52428800 bytes. "}
2018-11-13T11:07:16+00:00	flink-master.local1.info	{"host":"2fc1b1a00236","ident":"INFO","message":"(AbstractBlobCache.java:107)  org.apache.flink.runtime.blob.TransientBlobCache Created BLOB cache storage directory /tmp/blobStore-4ad6cdc0-97dd-44fe-ba61-71d5df6712a2 "}
2018-11-13T11:07:16+00:00	flink-master.local1.warn	{"host":"2fc1b1a00236","ident":"WARN","message":"(Configuration.java:797)  org.apache.flink.configuration.Configuration Config uses deprecated configuration key 'jobmanager.rpc.address' instead of proper key 'rest.address' "}
2018-11-13T11:07:16+00:00	flink-master.local1.warn	{"host":"2fc1b1a00236","ident":"WARN","message":"(RestServerEndpoint.java:393)  org.apache.flink.runtime.dispatcher.DispatcherRestEndpoint Upload directory /tmp/flink-web-2b4e01ea-c067-4cd3-980f-d3799a7fdca4/flink-web-upload does not exist, or has been deleted externally. Previously uploaded files are no longer available. "}
2018-11-13T11:07:16+00:00	flink-master.local1.info	{"host":"2fc1b1a00236","ident":"INFO","message":"(RestServerEndpoint.java:412)  org.apache.flink.runtime.dispatcher.DispatcherRestEndpoint Created directory /tmp/flink-web-2b4e01ea-c067-4cd3-980f-d3799a7fdca4/flink-web-upload for file uploads. "}
2018-11-13T11:07:16+00:00	flink-master.local1.info	{"host":"2fc1b1a00236","ident":"INFO","message":"(RestServerEndpoint.java:128)  org.apache.flink.runtime.dispatcher.DispatcherRestEndpoint Starting rest endpoint. "}
2018-11-13T11:07:16+00:00	flink-master.local1.info	{"host":"2fc1b1a00236","ident":"INFO","message":"(WebMonitorUtils.java:109)  org.apache.flink.runtime.webmonitor.WebMonitorUtils Determined location of main cluster component log file: /usr/local/flink/log/flink--standalonesession-0-2fc1b1a00236.log "}
2018-11-13T11:07:16+00:00	flink-master.local1.info	{"host":"2fc1b1a00236","ident":"INFO","message":"(WebMonitorUtils.java:110)  org.apache.flink.runtime.webmonitor.WebMonitorUtils Determined location of main cluster component stdout file: /usr/local/flink/log/flink--standalonesession-0-2fc1b1a00236.out "}
2018-11-13T11:07:16+00:00	flink-master.local1.info	{"host":"2fc1b1a00236","ident":"INFO","message":"(RestServerEndpoint.java:199)  org.apache.flink.runtime.dispatcher.DispatcherRestEndpoint Rest endpoint listening at 172.20.0.4:8081 "}
2018-11-13T11:07:16+00:00	flink-master.local1.info	{"host":"2fc1b1a00236","ident":"INFO","message":"(WebMonitorEndpoint.java:751)  org.apache.flink.runtime.dispatcher.DispatcherRestEndpoint http://172.20.0.4:8081 was granted leadership with leaderSessionID=00000000-0000-0000-0000-000000000000 "}
2018-11-13T11:07:16+00:00	flink-master.local1.info	{"host":"2fc1b1a00236","ident":"INFO","message":"(WebMonitorEndpoint.java:710)  org.apache.flink.runtime.dispatcher.DispatcherRestEndpoint Web frontend listening at http://172.20.0.4:8081. "}
2018-11-13T11:07:16+00:00	flink-master.local1.info	{"host":"2fc1b1a00236","ident":"INFO","message":"(AkkaRpcService.java:224)  org.apache.flink.runtime.rpc.akka.AkkaRpcService Starting RPC endpoint for org.apache.flink.runtime.resourcemanager.StandaloneResourceManager at akka://flink/user/resourcemanager . "}
2018-11-13T11:07:16+00:00	flink-master.local1.info	{"host":"2fc1b1a00236","ident":"INFO","message":"(AkkaRpcService.java:224)  org.apache.flink.runtime.rpc.akka.AkkaRpcService Starting RPC endpoint for org.apache.flink.runtime.dispatcher.StandaloneDispatcher at akka://flink/user/dispatcher . "}
2018-11-13T11:07:16+00:00	flink-master.local1.info	{"host":"2fc1b1a00236","ident":"INFO","message":"(ResourceManager.java:933)  org.apache.flink.runtime.resourcemanager.StandaloneResourceManager ResourceManager akka.tcp://flink@172.20.0.4:6123/user/resourcemanager was granted leadership with fencing token 00000000000000000000000000000000 "}
2018-11-13T11:07:16+00:00	flink-master.local1.info	{"host":"2fc1b1a00236","ident":"INFO","message":"(SlotManager.java:185)  org.apache.flink.runtime.resourcemanager.slotmanager.SlotManager Starting the SlotManager. "}
2018-11-13T11:07:16+00:00	flink-master.local1.info	{"host":"2fc1b1a00236","ident":"INFO","message":"(Dispatcher.java:814)  org.apache.flink.runtime.dispatcher.StandaloneDispatcher Dispatcher akka.tcp://flink@172.20.0.4:6123/user/dispatcher was granted leadership with fencing token 00000000-0000-0000-0000-000000000000 "}
2018-11-13T11:07:16+00:00	flink-master.local1.info	{"host":"2fc1b1a00236","ident":"INFO","message":"(Dispatcher.java:654)  org.apache.flink.runtime.dispatcher.StandaloneDispatcher Recovering all persisted jobs. "}
2018-11-13T11:09:05+00:00	flink-master.local1.info	{"host":"2fc1b1a00236","ident":"INFO","message":"(ResourceManager.java:719)  org.apache.flink.runtime.resourcemanager.StandaloneResourceManager Registering TaskManager with ResourceID f590d57d1083d0ffcfe52b1a6424f81e (akka.tcp://flink@275d95dfe1d0:44782/user/taskmanager_0) at ResourceManager "}
2018-11-13T11:09:06+00:00	flink-master.local1.info	{"host":"2fc1b1a00236","ident":"INFO","message":"(ResourceManager.java:703)  org.apache.flink.runtime.resourcemanager.StandaloneResourceManager Replacing old registration of TaskExecutor f590d57d1083d0ffcfe52b1a6424f81e. "}
2018-11-13T11:09:06+00:00	flink-master.local1.info	{"host":"2fc1b1a00236","ident":"INFO","message":"(SlotManager.java:367)  org.apache.flink.runtime.resourcemanager.slotmanager.SlotManager Unregister TaskManager 3c1a4fddcd69ecdac57cf6166cb183e9 from the SlotManager. "}
2018-11-13T11:09:06+00:00	flink-master.local1.info	{"host":"2fc1b1a00236","ident":"INFO","message":"(ResourceManager.java:719)  org.apache.flink.runtime.resourcemanager.StandaloneResourceManager Registering TaskManager with ResourceID f590d57d1083d0ffcfe52b1a6424f81e (akka.tcp://flink@275d95dfe1d0:44782/user/taskmanager_0) at ResourceManager "}
2018-11-13T11:09:06+00:00	flink-master.local1.info	{"host":"2fc1b1a00236","ident":"INFO","message":"(HeartbeatManagerImpl.java:121)  org.apache.flink.runtime.resourcemanager.StandaloneResourceManager The target with resource ID f590d57d1083d0ffcfe52b1a6424f81e is already been monitored. "}
2018-11-13T11:09:07+00:00	flink-master.local1.info	{"host":"2fc1b1a00236","ident":"INFO","message":"(ResourceManager.java:703)  org.apache.flink.runtime.resourcemanager.StandaloneResourceManager Replacing old registration of TaskExecutor f590d57d1083d0ffcfe52b1a6424f81e. "}
2018-11-13T11:09:07+00:00	flink-master.local1.info	{"host":"2fc1b1a00236","ident":"INFO","message":"(SlotManager.java:367)  org.apache.flink.runtime.resourcemanager.slotmanager.SlotManager Unregister TaskManager bd0a7cba214803b82af6632d2fd4e3ae from the SlotManager. "}
2018-11-13T11:09:07+00:00	flink-master.local1.info	{"host":"2fc1b1a00236","ident":"INFO","message":"(ResourceManager.java:719)  org.apache.flink.runtime.resourcemanager.StandaloneResourceManager Registering TaskManager with ResourceID f590d57d1083d0ffcfe52b1a6424f81e (akka.tcp://flink@275d95dfe1d0:44782/user/taskmanager_0) at ResourceManager "}
2018-11-13T11:09:07+00:00	flink-master.local1.info	{"host":"2fc1b1a00236","ident":"INFO","message":"(HeartbeatManagerImpl.java:121)  org.apache.flink.runtime.resourcemanager.StandaloneResourceManager The target with resource ID f590d57d1083d0ffcfe52b1a6424f81e is already been monitored. "}
2018-11-13T11:09:07+00:00	flink-master.local1.info	{"host":"2fc1b1a00236","ident":"INFO","message":"(ResourceManager.java:703)  org.apache.flink.runtime.resourcemanager.StandaloneResourceManager Replacing old registration of TaskExecutor f590d57d1083d0ffcfe52b1a6424f81e. "}
2018-11-13T11:09:07+00:00	flink-master.local1.info	{"host":"2fc1b1a00236","ident":"INFO","message":"(SlotManager.java:367)  org.apache.flink.runtime.resourcemanager.slotmanager.SlotManager Unregister TaskManager 69deb3e3a5ec3e3cc2e4b2aa26131247 from the SlotManager. "}
2018-11-13T11:09:07+00:00	flink-master.local1.info	{"host":"2fc1b1a00236","ident":"INFO","message":"(ResourceManager.java:719)  org.apache.flink.runtime.resourcemanager.StandaloneResourceManager Registering TaskManager with ResourceID f590d57d1083d0ffcfe52b1a6424f81e (akka.tcp://flink@275d95dfe1d0:44782/user/taskmanager_0) at ResourceManager "}
2018-11-13T11:09:07+00:00	flink-master.local1.info	{"host":"2fc1b1a00236","ident":"INFO","message":"(HeartbeatManagerImpl.java:121)  org.apache.flink.runtime.resourcemanager.StandaloneResourceManager The target with resource ID f590d57d1083d0ffcfe52b1a6424f81e is already been monitored. "}
2018-11-13T11:09:07+00:00	flink-master.local1.info	{"host":"2fc1b1a00236","ident":"INFO","message":"(SlotManager.java:325)  org.apache.flink.runtime.resourcemanager.slotmanager.SlotManager Registering TaskManager f590d57d1083d0ffcfe52b1a6424f81e under b9370f6f607808dfc1b8cf4ad2c1d3da at the SlotManager. "}
2018-11-13T11:10:47+00:00	flink-master.local1.info	{"host":"2fc1b1a00236","ident":"INFO","message":"(Dispatcher.java:243)  org.apache.flink.runtime.dispatcher.StandaloneDispatcher Submitting job dbcd9dad362d42d52106d846ed855bc4 (Flink Java Job at Tue Nov 13 11:10:46 UTC 2018). "}
2018-11-13T11:10:47+00:00	flink-master.local1.info	{"host":"2fc1b1a00236","ident":"INFO","message":"(AkkaRpcService.java:224)  org.apache.flink.runtime.rpc.akka.AkkaRpcService Starting RPC endpoint for org.apache.flink.runtime.jobmaster.JobMaster at akka://flink/user/jobmanager_0 . "}
2018-11-13T11:10:47+00:00	flink-master.local1.info	{"host":"2fc1b1a00236","ident":"INFO","message":"(JobMaster.java:269)  org.apache.flink.runtime.jobmaster.JobMaster Initializing job Flink Java Job at Tue Nov 13 11:10:46 UTC 2018 (dbcd9dad362d42d52106d846ed855bc4). "}
2018-11-13T11:10:47+00:00	flink-master.local1.info	{"host":"2fc1b1a00236","ident":"INFO","message":"(JobMaster.java:280)  org.apache.flink.runtime.jobmaster.JobMaster Using restart strategy NoRestartStrategy for Flink Java Job at Tue Nov 13 11:10:46 UTC 2018 (dbcd9dad362d42d52106d846ed855bc4). "}
2018-11-13T11:10:47+00:00	flink-master.local1.info	{"host":"2fc1b1a00236","ident":"INFO","message":"(AkkaRpcService.java:224)  org.apache.flink.runtime.rpc.akka.AkkaRpcService Starting RPC endpoint for org.apache.flink.runtime.jobmaster.slotpool.SlotPool at akka://flink/user/20d95f9c-1f62-4a49-9f9e-fa87dff347dd . "}
2018-11-13T11:10:47+00:00	flink-master.local1.info	{"host":"2fc1b1a00236","ident":"INFO","message":"(ExecutionGraph.java:425)  org.apache.flink.runtime.executiongraph.ExecutionGraph Job recovers via failover strategy: full graph restart "}
2018-11-13T11:10:47+00:00	flink-master.local1.info	{"host":"2fc1b1a00236","ident":"INFO","message":"(ExecutionGraphBuilder.java:195)  org.apache.flink.runtime.jobmaster.JobMaster Running initialization on master for job Flink Java Job at Tue Nov 13 11:10:46 UTC 2018 (dbcd9dad362d42d52106d846ed855bc4). "}
2018-11-13T11:10:47+00:00	flink-master.local1.info	{"host":"2fc1b1a00236","ident":"INFO","message":"(ExecutionGraphBuilder.java:224)  org.apache.flink.runtime.jobmaster.JobMaster Successfully ran initialization on master in 13 ms. "}
2018-11-13T11:10:47+00:00	flink-master.local1.info	{"host":"2fc1b1a00236","ident":"INFO","message":"(JobManagerRunner.java:329)  org.apache.flink.runtime.jobmaster.JobManagerRunner JobManager runner for job Flink Java Job at Tue Nov 13 11:10:46 UTC 2018 (dbcd9dad362d42d52106d846ed855bc4) was granted leadership with session id 00000000-0000-0000-0000-000000000000 at akka.tcp://flink@172.20.0.4:6123/user/jobmanager_0. "}
2018-11-13T11:10:47+00:00	flink-master.local1.info	{"host":"2fc1b1a00236","ident":"INFO","message":"(JobMaster.java:1009)  org.apache.flink.runtime.jobmaster.JobMaster Starting execution of job Flink Java Job at Tue Nov 13 11:10:46 UTC 2018 (dbcd9dad362d42d52106d846ed855bc4) "}
2018-11-13T11:10:47+00:00	flink-master.local1.info	{"host":"2fc1b1a00236","ident":"INFO","message":"(ExecutionGraph.java:1367)  org.apache.flink.runtime.executiongraph.ExecutionGraph Job Flink Java Job at Tue Nov 13 11:10:46 UTC 2018 (dbcd9dad362d42d52106d846ed855bc4) switched from state CREATED to RUNNING. "}
2018-11-13T11:10:47+00:00	flink-master.local1.info	{"host":"2fc1b1a00236","ident":"INFO","message":"(Execution.java:1316)  org.apache.flink.runtime.executiongraph.ExecutionGraph CHAIN DataSource (at getDefaultTextLineDataSet(WordCountData.java:70) (org.apache.flink.api.java.io.CollectionInputFormat)) -> FlatMap (FlatMap at main(WordCount.java:76)) -> Combine (SUM(1), at main(WordCount.java:79) (1/1) (a633bfe03c3077709e7b0c5ca8341537) switched from CREATED to SCHEDULED. "}
2018-11-13T11:10:47+00:00	flink-master.local1.info	{"host":"2fc1b1a00236","ident":"INFO","message":"(JobMaster.java:1285)  org.apache.flink.runtime.jobmaster.JobMaster Connecting to ResourceManager akka.tcp://flink@172.20.0.4:6123/user/resourcemanager(00000000000000000000000000000000) "}
2018-11-13T11:10:47+00:00	flink-master.local1.info	{"host":"2fc1b1a00236","ident":"INFO","message":"(SlotPool.java:733)  org.apache.flink.runtime.jobmaster.slotpool.SlotPool Cannot serve slot request, no ResourceManager connected. Adding as pending request [SlotRequestId{5161c3c3a57b4774a782fdefd3cd0627}] "}
2018-11-13T11:10:47+00:00	flink-master.local1.info	{"host":"2fc1b1a00236","ident":"INFO","message":"(RetryingRegistration.java:201)  org.apache.flink.runtime.jobmaster.JobMaster Resolved ResourceManager address, beginning registration "}
2018-11-13T11:10:47+00:00	flink-master.local1.info	{"host":"2fc1b1a00236","ident":"INFO","message":"(RetryingRegistration.java:250)  org.apache.flink.runtime.jobmaster.JobMaster Registration at ResourceManager attempt 1 (timeout=100ms) "}
2018-11-13T11:10:47+00:00	flink-master.local1.info	{"host":"2fc1b1a00236","ident":"INFO","message":"(ResourceManager.java:290)  org.apache.flink.runtime.resourcemanager.StandaloneResourceManager Registering job manager 00000000000000000000000000000000@akka.tcp://flink@172.20.0.4:6123/user/jobmanager_0 for job dbcd9dad362d42d52106d846ed855bc4. "}
2018-11-13T11:10:47+00:00	flink-master.local1.info	{"host":"2fc1b1a00236","ident":"INFO","message":"(ResourceManager.java:664)  org.apache.flink.runtime.resourcemanager.StandaloneResourceManager Registered job manager 00000000000000000000000000000000@akka.tcp://flink@172.20.0.4:6123/user/jobmanager_0 for job dbcd9dad362d42d52106d846ed855bc4. "}
2018-11-13T11:10:47+00:00	flink-master.local1.info	{"host":"2fc1b1a00236","ident":"INFO","message":"(JobMaster.java:1307)  org.apache.flink.runtime.jobmaster.JobMaster JobManager successfully registered at ResourceManager, leader id: 00000000000000000000000000000000. "}
2018-11-13T11:10:47+00:00	flink-master.local1.info	{"host":"2fc1b1a00236","ident":"INFO","message":"(SlotPool.java:689)  org.apache.flink.runtime.jobmaster.slotpool.SlotPool Requesting new slot [SlotRequestId{5161c3c3a57b4774a782fdefd3cd0627}] and profile ResourceProfile{cpuCores=-1.0, heapMemoryInMB=-1, directMemoryInMB=0, nativeMemoryInMB=0, networkMemoryInMB=0} from resource manager. "}
2018-11-13T11:10:47+00:00	flink-master.local1.info	{"host":"2fc1b1a00236","ident":"INFO","message":"(ResourceManager.java:414)  org.apache.flink.runtime.resourcemanager.StandaloneResourceManager Request slot with profile ResourceProfile{cpuCores=-1.0, heapMemoryInMB=-1, directMemoryInMB=0, nativeMemoryInMB=0, networkMemoryInMB=0} for job dbcd9dad362d42d52106d846ed855bc4 with allocation id AllocationID{2cb1abdd5dedd785d71ae33fbe7c69f9}. "}
2018-11-13T11:10:47+00:00	flink-master.local1.info	{"host":"2fc1b1a00236","ident":"INFO","message":"(Execution.java:1316)  org.apache.flink.runtime.executiongraph.ExecutionGraph CHAIN DataSource (at getDefaultTextLineDataSet(WordCountData.java:70) (org.apache.flink.api.java.io.CollectionInputFormat)) -> FlatMap (FlatMap at main(WordCount.java:76)) -> Combine (SUM(1), at main(WordCount.java:79) (1/1) (a633bfe03c3077709e7b0c5ca8341537) switched from SCHEDULED to DEPLOYING. "}
2018-11-13T11:10:47+00:00	flink-master.local1.info	{"host":"2fc1b1a00236","ident":"INFO","message":"(Execution.java:576)  org.apache.flink.runtime.executiongraph.ExecutionGraph Deploying CHAIN DataSource (at getDefaultTextLineDataSet(WordCountData.java:70) (org.apache.flink.api.java.io.CollectionInputFormat)) -> FlatMap (FlatMap at main(WordCount.java:76)) -> Combine (SUM(1), at main(WordCount.java:79) (1/1) (attempt #0) to 275d95dfe1d0 "}
2018-11-13T11:10:47+00:00	flink-master.local1.info	{"host":"2fc1b1a00236","ident":"INFO","message":"(Execution.java:1316)  org.apache.flink.runtime.executiongraph.ExecutionGraph CHAIN DataSource (at getDefaultTextLineDataSet(WordCountData.java:70) (org.apache.flink.api.java.io.CollectionInputFormat)) -> FlatMap (FlatMap at main(WordCount.java:76)) -> Combine (SUM(1), at main(WordCount.java:79) (1/1) (a633bfe03c3077709e7b0c5ca8341537) switched from DEPLOYING to RUNNING. "}
2018-11-13T11:10:47+00:00	flink-master.local1.info	{"host":"2fc1b1a00236","ident":"INFO","message":"(Execution.java:1316)  org.apache.flink.runtime.executiongraph.ExecutionGraph Reduce (SUM(1), at main(WordCount.java:79) (1/1) (17f0c1819619c76461e3554144f15133) switched from CREATED to SCHEDULED. "}
2018-11-13T11:10:47+00:00	flink-master.local1.info	{"host":"2fc1b1a00236","ident":"INFO","message":"(Execution.java:1316)  org.apache.flink.runtime.executiongraph.ExecutionGraph Reduce (SUM(1), at main(WordCount.java:79) (1/1) (17f0c1819619c76461e3554144f15133) switched from SCHEDULED to DEPLOYING. "}
2018-11-13T11:10:47+00:00	flink-master.local1.info	{"host":"2fc1b1a00236","ident":"INFO","message":"(Execution.java:576)  org.apache.flink.runtime.executiongraph.ExecutionGraph Deploying Reduce (SUM(1), at main(WordCount.java:79) (1/1) (attempt #0) to 275d95dfe1d0 "}
2018-11-13T11:10:47+00:00	flink-master.local1.info	{"host":"2fc1b1a00236","ident":"INFO","message":"(Execution.java:1316)  org.apache.flink.runtime.executiongraph.ExecutionGraph CHAIN DataSource (at getDefaultTextLineDataSet(WordCountData.java:70) (org.apache.flink.api.java.io.CollectionInputFormat)) -> FlatMap (FlatMap at main(WordCount.java:76)) -> Combine (SUM(1), at main(WordCount.java:79) (1/1) (a633bfe03c3077709e7b0c5ca8341537) switched from RUNNING to FINISHED. "}
2018-11-13T11:10:47+00:00	flink-master.local1.info	{"host":"2fc1b1a00236","ident":"INFO","message":"(Execution.java:1316)  org.apache.flink.runtime.executiongraph.ExecutionGraph Reduce (SUM(1), at main(WordCount.java:79) (1/1) (17f0c1819619c76461e3554144f15133) switched from DEPLOYING to RUNNING. "}
2018-11-13T11:10:47+00:00	flink-master.local1.info	{"host":"2fc1b1a00236","ident":"INFO","message":"(Execution.java:1316)  org.apache.flink.runtime.executiongraph.ExecutionGraph DataSink (collect()) (1/1) (f9f58f168a053adc8ae2440e8e8b2eb1) switched from CREATED to SCHEDULED. "}
2018-11-13T11:10:47+00:00	flink-master.local1.info	{"host":"2fc1b1a00236","ident":"INFO","message":"(Execution.java:1316)  org.apache.flink.runtime.executiongraph.ExecutionGraph DataSink (collect()) (1/1) (f9f58f168a053adc8ae2440e8e8b2eb1) switched from SCHEDULED to DEPLOYING. "}
2018-11-13T11:10:47+00:00	flink-master.local1.info	{"host":"2fc1b1a00236","ident":"INFO","message":"(Execution.java:576)  org.apache.flink.runtime.executiongraph.ExecutionGraph Deploying DataSink (collect()) (1/1) (attempt #0) to 275d95dfe1d0 "}
2018-11-13T11:10:47+00:00	flink-master.local1.info	{"host":"2fc1b1a00236","ident":"INFO","message":"(Execution.java:1316)  org.apache.flink.runtime.executiongraph.ExecutionGraph Reduce (SUM(1), at main(WordCount.java:79) (1/1) (17f0c1819619c76461e3554144f15133) switched from RUNNING to FINISHED. "}
2018-11-13T11:10:47+00:00	flink-master.local1.info	{"host":"2fc1b1a00236","ident":"INFO","message":"(Execution.java:1316)  org.apache.flink.runtime.executiongraph.ExecutionGraph DataSink (collect()) (1/1) (f9f58f168a053adc8ae2440e8e8b2eb1) switched from DEPLOYING to RUNNING. "}
2018-11-13T11:10:47+00:00	flink-master.local1.info	{"host":"2fc1b1a00236","ident":"INFO","message":"(Execution.java:1316)  org.apache.flink.runtime.executiongraph.ExecutionGraph DataSink (collect()) (1/1) (f9f58f168a053adc8ae2440e8e8b2eb1) switched from RUNNING to FINISHED. "}
2018-11-13T11:10:47+00:00	flink-master.local1.info	{"host":"2fc1b1a00236","ident":"INFO","message":"(ExecutionGraph.java:1367)  org.apache.flink.runtime.executiongraph.ExecutionGraph Job Flink Java Job at Tue Nov 13 11:10:46 UTC 2018 (dbcd9dad362d42d52106d846ed855bc4) switched from state RUNNING to FINISHED. "}
2018-11-13T11:10:47+00:00	flink-master.local1.info	{"host":"2fc1b1a00236","ident":"INFO","message":"(Dispatcher.java:712)  org.apache.flink.runtime.dispatcher.StandaloneDispatcher Job dbcd9dad362d42d52106d846ed855bc4 reached globally terminal state FINISHED. "}
2018-11-13T11:10:47+00:00	flink-master.local1.info	{"host":"2fc1b1a00236","ident":"INFO","message":"(JobMaster.java:350)  org.apache.flink.runtime.jobmaster.JobMaster Stopping the JobMaster for job Flink Java Job at Tue Nov 13 11:10:46 UTC 2018(dbcd9dad362d42d52106d846ed855bc4). "}
2018-11-13T11:10:47+00:00	flink-master.local1.info	{"host":"2fc1b1a00236","ident":"INFO","message":"(JobMaster.java:1355)  org.apache.flink.runtime.jobmaster.JobMaster Close ResourceManager connection 6a55659e88ec19a378380c9d6bf49ddd: JobManager is shutting down.. "}
2018-11-13T11:10:47+00:00	flink-master.local1.info	{"host":"2fc1b1a00236","ident":"INFO","message":"(SlotPool.java:242)  org.apache.flink.runtime.jobmaster.slotpool.SlotPool Suspending SlotPool. "}
2018-11-13T11:10:47+00:00	flink-master.local1.info	{"host":"2fc1b1a00236","ident":"INFO","message":"(ResourceManager.java:771)  org.apache.flink.runtime.resourcemanager.StandaloneResourceManager Disconnect job manager 00000000000000000000000000000000@akka.tcp://flink@172.20.0.4:6123/user/jobmanager_0 for job dbcd9dad362d42d52106d846ed855bc4 from the resource manager. "}
2018-11-13T11:10:47+00:00	flink-master.local1.info	{"host":"2fc1b1a00236","ident":"INFO","message":"(SlotPool.java:217)  org.apache.flink.runtime.jobmaster.slotpool.SlotPool Stopping SlotPool. "}
2018-11-13T11:10:47+00:00	flink-master.local1.info	{"host":"2fc1b1a00236","ident":"INFO","message":"(JobManagerRunner.java:362)  org.apache.flink.runtime.jobmaster.JobManagerRunner JobManagerRunner already shutdown. "}
